This is pdfTeX, Version 3.141592653-2.6-1.40.28 (MiKTeX 25.12) (preloaded format=pdflatex 2026.4.20)  20 APR 2026 11:16
entering extended mode
 restricted \write18 enabled.
 file:line:error style messages enabled.
 %&-line parsing enabled.
**"g:/MathiusDigital/Escritorio/Conti/CICLO 9/investigacion/proyecto/Investigacion/EvaluacionExperimental/main.tex"
(g:/MathiusDigital/Escritorio/Conti/CICLO 9/investigacion/proyecto/Investigacion/EvaluacionExperimental/main.tex
LaTeX2e <2025-11-01>
L3 programming layer <2025-12-24>
(G:\ProgramasU\mkdir\tex/latex/base\article.cls
Document Class: article 2025/01/22 v1.4n Standard LaTeX document class
(G:\ProgramasU\mkdir\tex/latex/base\size11.clo
File: size11.clo 2025/01/22 v1.4n Standard LaTeX file (size option)
)
\c@part=\count275
\c@section=\count276
\c@subsection=\count277
\c@subsubsection=\count278
\c@paragraph=\count279
\c@subparagraph=\count280
\c@figure=\count281
\c@table=\count282
\abovecaptionskip=\skip49
\belowcaptionskip=\skip50
\bibindent=\dimen148
) (G:\ProgramasU\mkdir\tex/latex/base\fontenc.sty
Package: fontenc 2025/07/18 v2.1d Standard LaTeX package
) (G:\ProgramasU\mkdir\tex/latex/base\inputenc.sty
Package: inputenc 2024/02/08 v1.3d Input encoding file
\inpenc@prehook=\toks17
\inpenc@posthook=\toks18
) (G:\ProgramasU\mkdir\tex/generic/babel\babel.sty
Package: babel 2025/12/11 v25.17 The multilingual framework for LuaLaTeX, pdfLaTeX and XeLaTeX
\babel@savecnt=\count283
LaTeX Encoding Info:    Redeclaring text command \ij (encoding OT1) on input line 2068.
LaTeX Encoding Info:    Redeclaring text command \IJ (encoding OT1) on input line 2070.
LaTeX Encoding Info:    Redeclaring text command \ij (encoding T1) on input line 2072.
LaTeX Encoding Info:    Redeclaring text command \IJ (encoding T1) on input line 2073.
LaTeX Encoding Info:    Ignoring declaration for text command \ij (encoding ?) on input line 2074.
LaTeX Encoding Info:    Ignoring declaration for text command \IJ (encoding ?) on input line 2076.
LaTeX Encoding Info:    Ignoring declaration for text command \SS (encoding ?) on input line 2101.
\U@D=\dimen149
\l@unhyphenated=\language79
 (G:\ProgramasU\mkdir\tex/generic/babel\txtbabel.def)
\bbl@readstream=\read2
\bbl@dirlevel=\count284
Package babel Info: Configuration files are deprecated, as
(babel)             they can break document portability.
(babel)             Reported on input line 4196.

*************************************
* Local config file bblopts.cfg used
*
(G:\ProgramasU\mkdir\tex/latex/arabi\bblopts.cfg
File: bblopts.cfg 2005/09/08 v0.1 add Arabic and Farsi to "declared" options of babel
) (G:\ProgramasU\mkdir\tex/generic/babel/locale/es\babel-spanish.tex)
Package babel Info: Importing font and identification data for spanish
(babel)             from babel-es.ini. Reported on input line 4320.
 (G:\ProgramasU\mkdir\tex/latex/babel-spanish\spanish.ldf
Language: spanish.ldf 2021/05/27 v5.0q Spanish support from the babel system
\es@quottoks=\toks19
\es@quotdepth=\count285
Package babel Info: Making " an active character on input line 570.
Package babel Info: Making . an active character on input line 675.
Package babel Info: Making < an active character on input line 722.
Package babel Info: Making > an active character on input line 722.
))
LaTeX Encoding Info:    Redeclaring text command \guillemotleft (encoding OT1) on input line 7.
LaTeX Encoding Info:    Redeclaring text command \guillemotright (encoding OT1) on input line 7.
 (G:\ProgramasU\mkdir\tex/latex/cmap\cmap.sty
Package: cmap 2021/02/06 v1.0j CMap support: searchable PDF


Package cmap Warning: fontenc already loaded - some fonts may be unprocessed.

) (G:\ProgramasU\mkdir\tex/latex/pdflscape\pdflscape.sty
Package: pdflscape 2022-10-27 v0.13 Display of landscape pages in PDF
 (G:\ProgramasU\mkdir\tex/latex/pdflscape\pdflscape-nometadata.sty
Package: pdflscape-nometadata 2022-10-28 v0.13 Display of landscape pages in PDF (HO)
 (G:\ProgramasU\mkdir\tex/generic/iftex\iftex.sty
Package: iftex 2024/12/12 v1.0g TeX engine tests
) (G:\ProgramasU\mkdir\tex/latex/graphics\lscape.sty
Package: lscape 2020/05/28 v3.02 Landscape Pages (DPC)
 (G:\ProgramasU\mkdir\tex/latex/graphics\graphics.sty
Package: graphics 2024/08/06 v1.4g Standard LaTeX Graphics (DPC,SPQR)
 (G:\ProgramasU\mkdir\tex/latex/graphics\trig.sty
Package: trig 2023/12/02 v1.11 sin cos tan (DPC)
) (G:\ProgramasU\mkdir\tex/latex/graphics-cfg\graphics.cfg
File: graphics.cfg 2016/06/04 v1.11 sample graphics configuration
)
Package graphics Info: Driver file: pdftex.def on input line 106.
 (G:\ProgramasU\mkdir\tex/latex/graphics-def\pdftex.def
File: pdftex.def 2025/09/29 v1.2d Graphics/color driver for pdftex
)))
Package pdflscape Info: Auto-detected driver: pdftex on input line 81.
)) (G:\ProgramasU\mkdir\tex/latex/tools\array.sty
Package: array 2025/09/25 v2.6n Tabular extension package (FMi)
\col@sep=\dimen150
\ar@mcellbox=\box53
\extrarowheight=\dimen151
\NC@list=\toks20
\extratabsurround=\skip51
\backup@length=\skip52
\ar@cellbox=\box54
) (G:\ProgramasU\mkdir\tex/latex/tools\tabularx.sty
Package: tabularx 2023/12/11 v2.12a `tabularx' package (DPC)
\TX@col@width=\dimen152
\TX@old@table=\dimen153
\TX@old@col=\dimen154
\TX@target=\dimen155
\TX@delta=\dimen156
\TX@cols=\count286
\TX@ftn=\toks21
) (G:\ProgramasU\mkdir\tex/latex/tools\longtable.sty
Package: longtable 2025-10-13 v4.24 Multi-page Table package (DPC)
\LTleft=\skip53
\LTright=\skip54
\LTpre=\skip55
\LTpost=\skip56
\LTchunksize=\count287
\LTcapwidth=\dimen157
\LT@head=\box55
\LT@firsthead=\box56
\LT@foot=\box57
\LT@lastfoot=\box58
\LT@gbox=\box59
\LT@cols=\count288
\LT@rows=\count289
\c@LT@tables=\count290
\c@LT@chunks=\count291
\LT@p@ftn=\toks22
) (G:\ProgramasU\mkdir\tex/latex/xcolor\xcolor.sty
Package: xcolor 2024/09/29 v3.02 LaTeX color extensions (UK)
 (G:\ProgramasU\mkdir\tex/latex/graphics-cfg\color.cfg
File: color.cfg 2016/01/02 v1.6 sample color configuration
)
Package xcolor Info: Driver file: pdftex.def on input line 274.
 (G:\ProgramasU\mkdir\tex/latex/graphics\mathcolor.ltx)
Package xcolor Info: Model `cmy' substituted by `cmy0' on input line 1349.
Package xcolor Info: Model `hsb' substituted by `rgb' on input line 1353.
Package xcolor Info: Model `RGB' extended on input line 1365.
Package xcolor Info: Model `HTML' substituted by `rgb' on input line 1367.
Package xcolor Info: Model `Hsb' substituted by `hsb' on input line 1368.
Package xcolor Info: Model `tHsb' substituted by `hsb' on input line 1369.
Package xcolor Info: Model `HSB' substituted by `hsb' on input line 1370.
Package xcolor Info: Model `Gray' substituted by `gray' on input line 1371.
Package xcolor Info: Model `wave' substituted by `hsb' on input line 1372.
) (G:\ProgramasU\mkdir\tex/latex/colortbl\colortbl.sty
Package: colortbl 2024/10/29 v1.0k Color table columns (DPC)
\everycr=\toks23
\minrowclearance=\skip57
\rownum=\count292
) (G:\ProgramasU\mkdir\tex/latex/amsmath\amsmath.sty
Package: amsmath 2025/07/09 v2.17z AMS math features
\@mathmargin=\skip58

For additional information on amsmath, use the `?' option.
(G:\ProgramasU\mkdir\tex/latex/amsmath\amstext.sty
Package: amstext 2024/11/17 v2.01 AMS text
 (G:\ProgramasU\mkdir\tex/latex/amsmath\amsgen.sty
File: amsgen.sty 1999/11/30 v2.0 generic functions
\@emptytoks=\toks24
\ex@=\dimen158
)) (G:\ProgramasU\mkdir\tex/latex/amsmath\amsbsy.sty
Package: amsbsy 1999/11/29 v1.2d Bold Symbols
\pmbraise@=\dimen159
) (G:\ProgramasU\mkdir\tex/latex/amsmath\amsopn.sty
Package: amsopn 2022/04/08 v2.04 operator names
)
\inf@bad=\count293
LaTeX Info: Redefining \frac on input line 233.
\uproot@=\count294
\leftroot@=\count295
LaTeX Info: Redefining \overline on input line 398.
LaTeX Info: Redefining \colon on input line 409.
\classnum@=\count296
\DOTSCASE@=\count297
LaTeX Info: Redefining \ldots on input line 495.
LaTeX Info: Redefining \dots on input line 498.
LaTeX Info: Redefining \cdots on input line 619.
\Mathstrutbox@=\box60
\strutbox@=\box61
LaTeX Info: Redefining \big on input line 721.
LaTeX Info: Redefining \Big on input line 722.
LaTeX Info: Redefining \bigg on input line 723.
LaTeX Info: Redefining \Bigg on input line 724.
\big@size=\dimen160
LaTeX Font Info:    Redeclaring font encoding OML on input line 742.
LaTeX Font Info:    Redeclaring font encoding OMS on input line 743.
\macc@depth=\count298
LaTeX Info: Redefining \bmod on input line 904.
LaTeX Info: Redefining \pmod on input line 909.
LaTeX Info: Redefining \smash on input line 939.
LaTeX Info: Redefining \relbar on input line 969.
LaTeX Info: Redefining \Relbar on input line 970.
\c@MaxMatrixCols=\count299
\dotsspace@=\muskip17
\c@parentequation=\count300
\dspbrk@lvl=\count301
\tag@help=\toks25
\row@=\count302
\column@=\count303
\maxfields@=\count304
\andhelp@=\toks26
\eqnshift@=\dimen161
\alignsep@=\dimen162
\tagshift@=\dimen163
\tagwidth@=\dimen164
\totwidth@=\dimen165
\lineht@=\dimen166
\@envbody=\toks27
\multlinegap=\skip59
\multlinetaggap=\skip60
\mathdisplay@stack=\toks28
LaTeX Info: Redefining \[ on input line 2950.
LaTeX Info: Redefining \] on input line 2951.
) (G:\ProgramasU\mkdir\tex/latex/newtx\newtxtext.sty
Package: newtxtext 2024/04/01 v1.744(Michael Sharpe) latex and unicode latex support for TeXGyreTermesX
 `newtxtext' v1.744, 2024/04/01 Text macros taking advantage of TeXGyre Termes and its extensions (msharpe) (G:\ProgramasU\mkdir\tex/latex/xpatch\xpatch.sty (G:\ProgramasU\mkdir\tex/latex/l3kernel\expl3.sty
Package: expl3 2025-12-24 L3 programming layer (loader) 
 (G:\ProgramasU\mkdir\tex/latex/l3backend\l3backend-pdftex.def
File: l3backend-pdftex.def 2025-10-09 L3 backend support: PDF output (pdfTeX)
\l__color_backend_stack_int=\count305
))
Package: xpatch 2020/03/25 v0.3a Extending etoolbox patching commands
 (G:\ProgramasU\mkdir\tex/latex/l3packages/xparse\xparse.sty
Package: xparse 2025-10-09 L3 Experimental document command parser
) (G:\ProgramasU\mkdir\tex/latex/etoolbox\etoolbox.sty
Package: etoolbox 2025/10/02 v2.5m e-TeX tools for LaTeX (JAW)
\etb@tempcnta=\count306
)) (G:\ProgramasU\mkdir\tex/latex/xkeyval\xkeyval.sty
Package: xkeyval 2022/06/16 v2.9 package option processing (HA)
 (G:\ProgramasU\mkdir\tex/generic/xkeyval\xkeyval.tex (G:\ProgramasU\mkdir\tex/generic/xkeyval\xkvutils.tex
\XKV@toks=\toks29
\XKV@tempa@toks=\toks30
 (G:\ProgramasU\mkdir\tex/generic/xkeyval\keyval.tex))
\XKV@depth=\count307
File: xkeyval.tex 2014/12/03 v2.7a key=value parser (HA)
)) (G:\ProgramasU\mkdir\tex/latex/base\textcomp.sty
Package: textcomp 2024/04/24 v2.1b Standard LaTeX package
) (G:\ProgramasU\mkdir\tex/latex/xstring\xstring.sty (G:\ProgramasU\mkdir\tex/generic/xstring\xstring.tex
\xs_counta=\count308
\xs_countb=\count309
)
Package: xstring 2023/08/22 v1.86 String manipulations (CT)
) (G:\ProgramasU\mkdir\tex/latex/base\ifthen.sty
Package: ifthen 2024/03/16 v1.1e Standard LaTeX ifthen package (DPC)
) (G:\ProgramasU\mkdir\tex/latex/carlisle\scalefnt.sty)
LaTeX Font Info:    Setting ntxLF sub-encoding to TS1/0 on input line 24.
LaTeX Font Info:    Setting ntxTLF sub-encoding to TS1/0 on input line 24.
LaTeX Font Info:    Setting ntxOsF sub-encoding to TS1/0 on input line 24.
LaTeX Font Info:    Setting ntxTOsF sub-encoding to TS1/0 on input line 24.
 (G:\ProgramasU\mkdir\tex/generic/binhex\binhex.tex)
\ntx@tmpcnta=\count310
\ntx@cnt=\count311
 (G:\ProgramasU\mkdir\tex/latex/fontaxes\fontaxes.sty
Package: fontaxes 2026-01-02 v2.0.2 Font selection axes (deprecated)
Applying: [2024-11-01] Use figureversions if present on input line 74.
 (G:\ProgramasU\mkdir\tex/latex/figureversions\figureversions.sty
Package: figureversions 2025-04-29 v1.0.1 Figure versions
)
Already applied: [0000-00-00] Fall back to v1 on input line 76.
)
\tx@sixem=\dimen167
\tx@y=\dimen168
\tx@x=\dimen169
\tx@tmpdima=\dimen170
\tx@tmpdimb=\dimen171
\tx@tmpdimc=\dimen172
\tx@tmpdimd=\dimen173
\tx@tmpdime=\dimen174
\tx@tmpdimf=\dimen175
\tx@dimA=\dimen176
\tx@dimAA=\dimen177
\tx@dimB=\dimen178
\tx@dimBB=\dimen179
\tx@dimC=\dimen180
LaTeX Info: Redefining \oldstylenums on input line 902.
) (G:\ProgramasU\mkdir\tex/latex/newtx\newtxmath.sty
Package: newtxmath 2024/09/22 v1.754
 `newtxmath' v1.754, 2024/09/22 Math macros based originally on txfonts (msharpe) (G:\ProgramasU\mkdir\tex/latex/oberdiek\centernot.sty
Package: centernot 2016/05/16 v1.4 Centers the not symbol horizontally (HO)
)
\tx@cntz=\count312
 (G:\ProgramasU\mkdir\tex/generic/binhex\binhex.tex)
\tx@Isdigit=\count313
\tx@IsAlNum=\count314
\tx@tA=\toks31
\tx@tB=\toks32
\tx@su=\read3

amsthm NOT loaded
LaTeX Font Info:    Redeclaring symbol font `operators' on input line 402.
LaTeX Font Info:    Overwriting symbol font `operators' in version `normal'
(Font)                  OT1/cmr/m/n --> OT1/minntx/m/n on input line 402.
LaTeX Font Info:    Overwriting symbol font `operators' in version `bold'
(Font)                  OT1/cmr/bx/n --> OT1/minntx/m/n on input line 402.
LaTeX Font Info:    Overwriting symbol font `operators' in version `bold'
(Font)                  OT1/minntx/m/n --> OT1/minntx/b/n on input line 403.
LaTeX Font Info:    Redeclaring math alphabet \mathsf on input line 410.
LaTeX Font Info:    Overwriting math alphabet `\mathsf' in version `normal'
(Font)                  OT1/cmss/m/n --> OT1/qhv/m/n on input line 410.
LaTeX Font Info:    Overwriting math alphabet `\mathsf' in version `bold'
(Font)                  OT1/cmss/bx/n --> OT1/qhv/m/n on input line 410.
LaTeX Font Info:    Overwriting math alphabet `\mathsf' in version `bold'
(Font)                  OT1/qhv/m/n --> OT1/qhv/b/n on input line 412.
LaTeX Font Info:    Redeclaring math alphabet \mathit on input line 419.
LaTeX Font Info:    Overwriting math alphabet `\mathit' in version `normal'
(Font)                  OT1/cmr/m/it --> OT1/minntx/m/it on input line 419.
LaTeX Font Info:    Overwriting math alphabet `\mathit' in version `bold'
(Font)                  OT1/cmr/bx/it --> OT1/minntx/m/it on input line 419.
LaTeX Font Info:    Redeclaring math alphabet \mathtt on input line 420.
LaTeX Font Info:    Overwriting math alphabet `\mathtt' in version `normal'
(Font)                  OT1/cmtt/m/n --> T1/ntxtt/m/n on input line 420.
LaTeX Font Info:    Overwriting math alphabet `\mathtt' in version `bold'
(Font)                  OT1/cmtt/m/n --> T1/ntxtt/m/n on input line 420.
LaTeX Font Info:    Redeclaring math alphabet \mathbf on input line 422.
LaTeX Font Info:    Overwriting math alphabet `\mathbf' in version `normal'
(Font)                  OT1/cmr/bx/n --> OT1/minntx/b/n on input line 422.
LaTeX Font Info:    Overwriting math alphabet `\mathbf' in version `bold'
(Font)                  OT1/cmr/bx/n --> OT1/minntx/b/n on input line 422.
LaTeX Font Info:    Overwriting math alphabet `\mathit' in version `bold'
(Font)                  OT1/minntx/m/it --> OT1/minntx/b/it on input line 423.
LaTeX Font Info:    Overwriting math alphabet `\mathtt' in version `bold'
(Font)                  T1/ntxtt/m/n --> T1/ntxtt/b/n on input line 426.
LaTeX Font Info:    Redeclaring symbol font `letters' on input line 534.
LaTeX Font Info:    Overwriting symbol font `letters' in version `normal'
(Font)                  OML/cmm/m/it --> OML/ntxmi/m/it on input line 534.
LaTeX Font Info:    Overwriting symbol font `letters' in version `bold'
(Font)                  OML/cmm/b/it --> OML/ntxmi/m/it on input line 534.
LaTeX Font Info:    Overwriting symbol font `letters' in version `bold'
(Font)                  OML/ntxmi/m/it --> OML/ntxmi/b/it on input line 535.
\symlettersA=\mathgroup4
LaTeX Font Info:    Overwriting symbol font `lettersA' in version `bold'
(Font)                  U/ntxmia/m/it --> U/ntxmia/b/it on input line 582.
Now handling font encoding LMS ...
... no UTF-8 mapping file for font encoding LMS
LaTeX Font Info:    Redeclaring symbol font `symbols' on input line 604.
LaTeX Font Info:    Encoding `OMS' has changed to `LMS' for symbol font
(Font)              `symbols' in the math version `normal' on input line 604.
LaTeX Font Info:    Overwriting symbol font `symbols' in version `normal'
(Font)                  OMS/cmsy/m/n --> LMS/ntxsy/m/n on input line 604.
LaTeX Font Info:    Encoding `OMS' has changed to `LMS' for symbol font
(Font)              `symbols' in the math version `bold' on input line 604.
LaTeX Font Info:    Overwriting symbol font `symbols' in version `bold'
(Font)                  OMS/cmsy/b/n --> LMS/ntxsy/m/n on input line 604.
LaTeX Font Info:    Overwriting symbol font `symbols' in version `bold'
(Font)                  LMS/ntxsy/m/n --> LMS/ntxsy/b/n on input line 605.
\symAMSm=\mathgroup5
LaTeX Font Info:    Overwriting symbol font `AMSm' in version `bold'
(Font)                  U/ntxsym/m/n --> U/ntxsym/b/n on input line 630.
\symsymbolsC=\mathgroup6
LaTeX Font Info:    Overwriting symbol font `symbolsC' in version `bold'
(Font)                  U/ntxsyc/m/n --> U/ntxsyc/b/n on input line 651.
Now handling font encoding LMX ...
... no UTF-8 mapping file for font encoding LMX
LaTeX Font Info:    Redeclaring symbol font `largesymbols' on input line 664.
LaTeX Font Info:    Encoding `OMX' has changed to `LMX' for symbol font
(Font)              `largesymbols' in the math version `normal' on input line 664.
LaTeX Font Info:    Overwriting symbol font `largesymbols' in version `normal'
(Font)                  OMX/cmex/m/n --> LMX/ntxexx/m/n on input line 664.
LaTeX Font Info:    Encoding `OMX' has changed to `LMX' for symbol font
(Font)              `largesymbols' in the math version `bold' on input line 664.
LaTeX Font Info:    Overwriting symbol font `largesymbols' in version `bold'
(Font)                  OMX/cmex/m/n --> LMX/ntxexx/m/n on input line 664.
LaTeX Font Info:    Overwriting symbol font `largesymbols' in version `bold'
(Font)                  LMX/ntxexx/m/n --> LMX/ntxexx/b/n on input line 665.
\symlargesymbolsTXA=\mathgroup7
LaTeX Font Info:    Overwriting symbol font `largesymbolsTXA' in version `bold'
(Font)                  U/ntxexa/m/n --> U/ntxexa/b/n on input line 679.
\tx@sbptoks=\toks33
LaTeX Font Info:    Redeclaring math delimiter \lfloor on input line 902.
LaTeX Font Info:    Redeclaring math delimiter \rfloor on input line 903.
LaTeX Font Info:    Redeclaring math delimiter \lceil on input line 904.
LaTeX Font Info:    Redeclaring math delimiter \rceil on input line 905.
LaTeX Font Info:    Redeclaring math delimiter \lbrace on input line 910.
LaTeX Font Info:    Redeclaring math delimiter \rbrace on input line 911.
LaTeX Font Info:    Redeclaring math delimiter \langle on input line 913.
LaTeX Font Info:    Redeclaring math delimiter \rangle on input line 915.
LaTeX Font Info:    Redeclaring math delimiter \arrowvert on input line 919.
LaTeX Font Info:    Redeclaring math delimiter \vert on input line 920.
LaTeX Font Info:    Redeclaring math symbol \hbar on input line 966.
LaTeX Font Info:    Redeclaring math accent \dot on input line 991.
LaTeX Font Info:    Redeclaring math accent \ddot on input line 992.
LaTeX Font Info:    Redeclaring math accent \vec on input line 2057.
LaTeX Info: Redefining \Bbbk on input line 2847.
LaTeX Info: Redefining \not on input line 2995.
) (G:\ProgramasU\mkdir\tex/latex/setspace\setspace.sty
Package: setspace 2022/12/04 v6.7b set line spacing
) (G:\ProgramasU\mkdir\tex/latex/graphics\graphicx.sty
Package: graphicx 2024/12/31 v1.2e Enhanced LaTeX Graphics (DPC,SPQR)
\Gin@req@height=\dimen181
\Gin@req@width=\dimen182
) (G:\ProgramasU\mkdir\tex/latex/enumitem\enumitem.sty
Package: enumitem 2025/02/06 v3.11 Customized lists
\enitkv@toks@=\toks34
\labelindent=\skip61
\enit@outerparindent=\dimen183
\enit@toks=\toks35
\enit@inbox=\box62
\enit@count@id=\count315
\enitdp@description=\count316
) (G:\ProgramasU\mkdir\tex/latex/fancyhdr\fancyhdr.sty
Package: fancyhdr 2025/02/07 v5.2 Extensive control of page headers and footers
\f@nch@headwidth=\skip62
\f@nch@offset@elh=\skip63
\f@nch@offset@erh=\skip64
\f@nch@offset@olh=\skip65
\f@nch@offset@orh=\skip66
\f@nch@offset@elf=\skip67
\f@nch@offset@erf=\skip68
\f@nch@offset@olf=\skip69
\f@nch@offset@orf=\skip70
\f@nch@height=\skip71
\f@nch@footalignment=\skip72
\f@nch@widthL=\skip73
\f@nch@widthC=\skip74
\f@nch@widthR=\skip75
\@temptokenb=\toks36
) (G:\ProgramasU\mkdir\tex/latex/geometry\geometry.sty
Package: geometry 2026/03/07 v6.0 Page Geometry
 (G:\ProgramasU\mkdir\tex/generic/iftex\ifvtex.sty
Package: ifvtex 2019/10/25 v1.7 ifvtex legacy package. Use iftex instead.
)
\Gm@cnth=\count317
\Gm@cntv=\count318
\c@Gm@tempcnt=\count319
\Gm@bindingoffset=\dimen184
\Gm@wd@mp=\dimen185
\Gm@odd@mp=\dimen186
\Gm@even@mp=\dimen187
\Gm@layoutwidth=\dimen188
\Gm@layoutheight=\dimen189
\Gm@layouthoffset=\dimen190
\Gm@layoutvoffset=\dimen191
\Gm@dimlist=\toks37
 (G:\ProgramasU\mkdir\tex/latex/geometry\geometry.cfg)) (G:\ProgramasU\mkdir\tex/latex/biblatex\biblatex.sty
Package: biblatex 2025/07/10 v3.21 programmable bibliographies (PK/MW)
 (G:\ProgramasU\mkdir\tex/generic/pdftexcmds\pdftexcmds.sty
Package: pdftexcmds 2020-06-27 v0.33 Utility functions of pdfTeX for LuaTeX (HO)
 (G:\ProgramasU\mkdir\tex/generic/infwarerr\infwarerr.sty
Package: infwarerr 2019/12/03 v1.5 Providing info/warning/error messages (HO)
) (G:\ProgramasU\mkdir\tex/generic/ltxcmds\ltxcmds.sty
Package: ltxcmds 2023-12-04 v1.26 LaTeX kernel commands for general use (HO)
)
Package pdftexcmds Info: \pdf@primitive is available.
Package pdftexcmds Info: \pdf@ifprimitive is available.
Package pdftexcmds Info: \pdfdraftmode found.
) (G:\ProgramasU\mkdir\tex/latex/kvoptions\kvoptions.sty
Package: kvoptions 2022-06-15 v3.15 Key value format for package options (HO)
 (G:\ProgramasU\mkdir\tex/latex/kvsetkeys\kvsetkeys.sty
Package: kvsetkeys 2022-10-05 v1.19 Key value parser (HO)
)) (G:\ProgramasU\mkdir\tex/latex/logreq\logreq.sty
Package: logreq 2010/08/04 v1.0 xml request logger
\lrq@indent=\count320
 (G:\ProgramasU\mkdir\tex/latex/logreq\logreq.def
File: logreq.def 2010/08/04 v1.0 logreq spec v1.0
)) (G:\ProgramasU\mkdir\tex/latex/url\url.sty
\Urlmuskip=\muskip18
Package: url 2013/09/16  ver 3.4  Verb mode for urls, etc.
)
\c@tabx@nest=\count321
\c@listtotal=\count322
\c@listcount=\count323
\c@liststart=\count324
\c@liststop=\count325
\c@citecount=\count326
\c@citetotal=\count327
\c@multicitecount=\count328
\c@multicitetotal=\count329
\c@instcount=\count330
\c@maxnames=\count331
\c@minnames=\count332
\c@maxitems=\count333
\c@minitems=\count334
\c@citecounter=\count335
\c@maxcitecounter=\count336
\c@savedcitecounter=\count337
\c@uniquelist=\count338
\c@uniquename=\count339
\c@refsection=\count340
\c@refsegment=\count341
\c@maxextratitle=\count342
\c@maxextratitleyear=\count343
\c@maxextraname=\count344
\c@maxextradate=\count345
\c@maxextraalpha=\count346
\c@abbrvpenalty=\count347
\c@highnamepenalty=\count348
\c@lownamepenalty=\count349
\c@maxparens=\count350
\c@parenlevel=\count351
\blx@tempcnta=\count352
\blx@tempcntb=\count353
\blx@tempcntc=\count354
\c@blx@maxsection=\count355
\blx@maxsegment@0=\count356
\blx@notetype=\count357
\blx@parenlevel@text=\count358
\blx@parenlevel@foot=\count359
\blx@sectionciteorder@0=\count360
\blx@sectionciteorderinternal@0=\count361
\blx@entrysetcounter=\count362
\blx@biblioinstance=\count363
\labelnumberwidth=\skip76
\labelalphawidth=\skip77
\biblabelsep=\skip78
\bibitemsep=\skip79
\bibnamesep=\skip80
\bibinitsep=\skip81
\bibparsep=\skip82
\bibhang=\skip83
\blx@bcfin=\read4
\blx@bcfout=\write3
\blx@langwohyphens=\language80
\c@mincomprange=\count364
\c@maxcomprange=\count365
\c@mincompwidth=\count366
Package biblatex Info: Trying to load biblatex default data model...
Package biblatex Info: ... file 'blx-dm.def' found.
 (G:\ProgramasU\mkdir\tex/latex/biblatex\blx-dm.def
File: blx-dm.def 2025/07/10 v3.21 biblatex datamodel (PK/MW)
)
Package biblatex Info: Trying to load biblatex style data model...
Package biblatex Info: ... file 'iso-numeric.dbx' found.
 (G:\ProgramasU\mkdir\tex/latex/biblatex-iso690\iso-numeric.dbx
File: iso-numeric.dbx 2022/03/20 v0.4.1 ISO 690 biblatex data model extension
)
Package biblatex Info: Trying to load biblatex custom data model...
Package biblatex Info: ... file 'biblatex-dm.cfg' not found.
\c@afterword=\count367
\c@savedafterword=\count368
\c@annotator=\count369
\c@savedannotator=\count370
\c@author=\count371
\c@savedauthor=\count372
\c@bookauthor=\count373
\c@savedbookauthor=\count374
\c@commentator=\count375
\c@savedcommentator=\count376
\c@editor=\count377
\c@savededitor=\count378
\c@editora=\count379
\c@savededitora=\count380
\c@editorb=\count381
\c@savededitorb=\count382
\c@editorc=\count383
\c@savededitorc=\count384
\c@foreword=\count385
\c@savedforeword=\count386
\c@holder=\count387
\c@savedholder=\count388
\c@introduction=\count389
\c@savedintroduction=\count390
\c@namea=\count391
\c@savednamea=\count392
\c@nameb=\count393
\c@savednameb=\count394
\c@namec=\count395
\c@savednamec=\count396
\c@translator=\count397
\c@savedtranslator=\count398
\c@shortauthor=\count399
\c@savedshortauthor=\count400
\c@shorteditor=\count401
\c@savedshorteditor=\count402
\c@supervisor=\count403
\c@savedsupervisor=\count404
\c@labelname=\count405
\c@savedlabelname=\count406
\c@institution=\count407
\c@savedinstitution=\count408
\c@lista=\count409
\c@savedlista=\count410
\c@listb=\count411
\c@savedlistb=\count412
\c@listc=\count413
\c@savedlistc=\count414
\c@listd=\count415
\c@savedlistd=\count416
\c@liste=\count417
\c@savedliste=\count418
\c@listf=\count419
\c@savedlistf=\count420
\c@location=\count421
\c@savedlocation=\count422
\c@organization=\count423
\c@savedorganization=\count424
\c@origlocation=\count425
\c@savedoriglocation=\count426
\c@origpublisher=\count427
\c@savedorigpublisher=\count428
\c@publisher=\count429
\c@savedpublisher=\count430
\c@language=\count431
\c@savedlanguage=\count432
\c@origlanguage=\count433
\c@savedoriglanguage=\count434
\c@pageref=\count435
\c@savedpageref=\count436
\shorthandwidth=\skip84
\shortjournalwidth=\skip85
\shortserieswidth=\skip86
\shorttitlewidth=\skip87
\shortauthorwidth=\skip88
\shorteditorwidth=\skip89
\locallabelnumberwidth=\skip90
\locallabelalphawidth=\skip91
\localshorthandwidth=\skip92
\localshortjournalwidth=\skip93
\localshortserieswidth=\skip94
\localshorttitlewidth=\skip95
\localshortauthorwidth=\skip96
\localshorteditorwidth=\skip97
Package biblatex Info: Trying to load compatibility code...
Package biblatex Info: ... file 'blx-compat.def' found.
 (G:\ProgramasU\mkdir\tex/latex/biblatex\blx-compat.def
File: blx-compat.def 2025/07/10 v3.21 biblatex compatibility (PK/MW)
)
Package biblatex Info: Trying to load generic definitions...
Package biblatex Info: ... file 'biblatex.def' found.
 (G:\ProgramasU\mkdir\tex/latex/biblatex\biblatex.def
File: biblatex.def 2025/07/10 v3.21 biblatex compatibility (PK/MW)
\c@textcitecount=\count437
\c@textcitetotal=\count438
\c@textcitemaxnames=\count439
\c@biburlbigbreakpenalty=\count440
\c@biburlbreakpenalty=\count441
\c@biburlnumpenalty=\count442
\c@biburlucpenalty=\count443
\c@biburllcpenalty=\count444
\biburlbigskip=\muskip19
\biburlnumskip=\muskip20
\biburlucskip=\muskip21
\biburllcskip=\muskip22
\c@smartand=\count445
)
Package biblatex Info: Trying to load bibliography style 'iso-numeric'...
Package biblatex Info: ... file 'iso-numeric.bbx' found.
 (G:\ProgramasU\mkdir\tex/latex/biblatex-iso690\iso-numeric.bbx
File: iso-numeric.bbx 2022/03/20 v0.4.1 ISO 690 biblatex bibliography style
Package biblatex Info: Trying to load bibliography style 'iso'...
Package biblatex Info: ... file 'iso.bbx' found.
 (G:\ProgramasU\mkdir\tex/latex/biblatex-iso690\iso.bbx
File: iso.bbx 2022/03/20 v0.4.1 ISO 690 biblatex bibliography style
Package biblatex-iso690 Info: Space colon enabled: false.
Package biblatex-iso690 Info: Total pages enabled: false.
Package biblatex-iso690 Info: Short numeration enabled: false.
Package biblatex-iso690 Info: Thesis info in the notes section enabled: true.
Package biblatex-iso690 Info: URL field enabled: true.
Package biblatex-iso690 Info: ISBN field enabled: true.
Package biblatex-iso690 Info: DOI field enabled: true.
Package biblatex-iso690 Info: eprint field enabled: true.
Package biblatex-iso690 Info: Article publication info enabled: false.
Package biblatex-iso690 Info: Use current language for the bibliography: false.
Package biblatex-iso690 Info: Use no end dot for the bibliography entries: false.
Package biblatex Info: Delimiter 'multinamedelim' in context '' already defined, overwriting.
Package biblatex Info: Delimiter 'finalnamedelim' in context '' already defined, overwriting.
Package biblatex Info: Delimiter 'editortypedelim' in context '' already defined, overwriting.
Package biblatex Info: Delimiter 'authortypedelim' in context '' already defined, overwriting.
))
Package biblatex Info: Trying to load citation style 'iso-numeric'...
Package biblatex Info: ... file 'iso-numeric.cbx' found.
 (G:\ProgramasU\mkdir\tex/latex/biblatex-iso690\iso-numeric.cbx
File: iso-numeric.cbx 2022/03/20 v0.4.1 ISO 690 biblatex citation style
Package biblatex Info: Trying to load citation style 'numeric'...
Package biblatex Info: ... file 'numeric.cbx' found.
 (G:\ProgramasU\mkdir\tex/latex/biblatex/cbx\numeric.cbx
File: numeric.cbx 2025/07/10 v3.21 biblatex citation style (PK/MW)
Package biblatex Info: Redefining '\cite'.
Package biblatex Info: Redefining '\parencite'.
Package biblatex Info: Redefining '\footcite'.
Package biblatex Info: Redefining '\footcitetext'.
Package biblatex Info: Redefining '\smartcite'.
Package biblatex Info: Redefining '\supercite'.
Package biblatex Info: Redefining '\textcite'.
Package biblatex Info: Redefining '\textcites'.
Package biblatex Info: Redefining '\cites'.
Package biblatex Info: Redefining '\parencites'.
Package biblatex Info: Redefining '\smartcites'.
)
Package biblatex Info: Trying to load citation style 'iso-fullcite'...
Package biblatex Info: ... file 'iso-fullcite.cbx' found.
 (G:\ProgramasU\mkdir\tex/latex/biblatex-iso690\iso-fullcite.cbx
File: iso-fullcite.cbx 2022/03/20 v0.4.1 ISO 690 biblatex fullcite modifications
Package biblatex Info: Redefining '\fullcite'.
Package biblatex Info: Redefining '\footfullcite'.
)
Package biblatex Info: Redefining '\parencite'.
)
Package biblatex Info: Trying to load configuration file...
Package biblatex Info: ... file 'biblatex.cfg' found.
 (G:\ProgramasU\mkdir\tex/latex/biblatex\biblatex.cfg
File: biblatex.cfg 
)
Package biblatex Info: Input encoding 'utf8' detected.
Package biblatex Info: Document encoding is UTF8 ....
Package biblatex Info: ... and expl3
(biblatex)             2025-12-24 L3 programming layer (loader) 
(biblatex)             is new enough (at least 2020/04/06),
(biblatex)             setting 'casechanger=expl3'.
 (G:\ProgramasU\mkdir\tex/latex/biblatex\blx-case-expl3.sty
Package: blx-case-expl3 2025/07/10 v3.21 expl3 case changing code for biblatex
)) (estilos.tex (G:\ProgramasU\mkdir\tex/latex/titlesec\titlesec.sty
Package: titlesec 2025/01/04 v2.17 Sectioning titles
\ttl@box=\box63
\beforetitleunit=\skip98
\aftertitleunit=\skip99
\ttl@plus=\dimen192
\ttl@minus=\dimen193
\ttl@toksa=\toks38
\titlewidth=\dimen194
\titlewidthlast=\dimen195
\titlewidthfirst=\dimen196
) (G:\ProgramasU\mkdir\tex/latex/changepage\changepage.sty
Package: changepage 2009/10/20 v1.0c check page and change page layout
\c@cp@cntr=\count446
\cp@tempcnt=\count447
) (G:\ProgramasU\mkdir\tex/latex/ragged2e\ragged2e.sty
Package: ragged2e 2023/06/22 v3.6 ragged2e Package
\CenteringLeftskip=\skip100
\RaggedLeftLeftskip=\skip101
\RaggedRightLeftskip=\skip102
\CenteringRightskip=\skip103
\RaggedLeftRightskip=\skip104
\RaggedRightRightskip=\skip105
\CenteringParfillskip=\skip106
\RaggedLeftParfillskip=\skip107
\RaggedRightParfillskip=\skip108
\JustifyingParfillskip=\skip109
\CenteringParindent=\skip110
\RaggedLeftParindent=\skip111
\RaggedRightParindent=\skip112
\JustifyingParindent=\skip113
)
\enitdp@listaI=\count448
\enitdp@listaII=\count449
\enitdp@listaIII=\count450
\c@listaOEi=\count451
\enitdp@listaOE=\count452
\c@listaPEi=\count453
\enitdp@listaPE=\count454
\c@listaVari=\count455
\enitdp@listaVar=\count456
)
LaTeX Font Info:    Trying to load font information for T1+ntxtlf on input line 52.
 (G:\ProgramasU\mkdir\tex/latex/newtx\t1ntxtlf.fd
File: t1ntxtlf.fd 2021/05/24 v1.1 font definition file for T1/ntx/tlf
)
LaTeX Font Info:    Font shape `T1/ntxtlf/m/n' will be
(Font)              scaled to size 10.95pt on input line 52.
<<t1.cmap>>

Package biblatex Warning: 'babel/polyglossia' detected but 'csquotes' missing.
(biblatex)                Loading 'csquotes' recommended.

\@quotelevel=\count457
\@quotereset=\count458
(main.aux
LaTeX Info: Redefining \. on input line 9.
LaTeX Info: Redefining \% on input line 9.
Package babel Info: 'spanish' activates 'spanish' shorthands.
(babel)             Reported on input line 9.
 (introduccion.aux) (capitulo1.aux) (capitulo2.aux) (capitulo3.aux) (capitulo4.aux) (capitulo5.aux)
LaTeX Info: Redefining \. on input line 29.
LaTeX Info: Redefining \% on input line 29.
LaTeX Info: Redefining \. on input line 30.
LaTeX Info: Redefining \% on input line 30.
LaTeX Info: Redefining \. on input line 31.
LaTeX Info: Redefining \% on input line 31.
LaTeX Info: Redefining \. on input line 32.
LaTeX Info: Redefining \% on input line 32.
LaTeX Info: Redefining \. on input line 33.
LaTeX Info: Redefining \% on input line 33.
LaTeX Info: Redefining \. on input line 34.
LaTeX Info: Redefining \% on input line 34.
LaTeX Info: Redefining \. on input line 35.
LaTeX Info: Redefining \% on input line 35.
LaTeX Info: Redefining \. on input line 36.
LaTeX Info: Redefining \% on input line 36.
LaTeX Info: Redefining \. on input line 37.
LaTeX Info: Redefining \% on input line 37.
LaTeX Info: Redefining \. on input line 38.
LaTeX Info: Redefining \% on input line 38.
 (anexos.aux))
\openout1 = `main.aux'.

LaTeX Font Info:    Checking defaults for OML/ntxmi/m/it on input line 52.
LaTeX Font Info:    Trying to load font information for OML+ntxmi on input line 52.
 (G:\ProgramasU\mkdir\tex/latex/newtx\omlntxmi.fd
File: omlntxmi.fd 2015/08/25 Fontinst v1.933 font definitions for OML/ntxmi.
)
LaTeX Font Info:    ... okay on input line 52.
LaTeX Font Info:    Checking defaults for OMS/cmsy/m/n on input line 52.
LaTeX Font Info:    ... okay on input line 52.
LaTeX Font Info:    Checking defaults for OT1/cmr/m/n on input line 52.
LaTeX Font Info:    ... okay on input line 52.
LaTeX Font Info:    Checking defaults for T1/cmr/m/n on input line 52.
LaTeX Font Info:    ... okay on input line 52.
LaTeX Font Info:    Checking defaults for TS1/cmr/m/n on input line 52.
LaTeX Font Info:    ... okay on input line 52.
LaTeX Font Info:    Checking defaults for OMX/cmex/m/n on input line 52.
LaTeX Font Info:    ... okay on input line 52.
LaTeX Font Info:    Checking defaults for U/ntxexa/m/n on input line 52.
LaTeX Font Info:    Trying to load font information for U+ntxexa on input line 52.
 (G:\ProgramasU\mkdir\tex/latex/newtx\untxexa.fd
File: untxexa.fd 2012/04/16 Fontinst v1.933 font definitions for U/ntxexa.
)
LaTeX Font Info:    ... okay on input line 52.
LaTeX Font Info:    Checking defaults for LMS/ntxsy/m/n on input line 52.
LaTeX Font Info:    Trying to load font information for LMS+ntxsy on input line 52.
 (G:\ProgramasU\mkdir\tex/latex/newtx\lmsntxsy.fd
File: lmsntxsy.fd 2016/07/02 Fontinst v1.933 font definitions for LMS/ntxsy.
)
LaTeX Font Info:    ... okay on input line 52.
LaTeX Font Info:    Checking defaults for LMX/ntxexx/m/n on input line 52.
LaTeX Font Info:    Trying to load font information for LMX+ntxexx on input line 52.
 (G:\ProgramasU\mkdir\tex/latex/newtx\lmxntxexx.fd
File: lmxntxexx.fd 2016/07/03 Fontinst v1.933 font definitions for LMX/ntxexx.
)
LaTeX Font Info:    ... okay on input line 52.
LaTeX Info: Redefining \. on input line 52.
LaTeX Info: Redefining \% on input line 52.
 (G:\ProgramasU\mkdir\tex/context/base/mkii\supp-pdf.mkii
[Loading MPS to PDF converter (version 2006.09.02).]
\scratchcounter=\count459
\scratchdimen=\dimen197
\scratchbox=\box64
\nofMPsegments=\count460
\nofMParguments=\count461
\everyMPshowfont=\toks39
\MPscratchCnt=\count462
\MPscratchDim=\dimen198
\MPnumerator=\count463
\makeMPintoPDFobject=\count464
\everyMPtoPDFconversion=\toks40
) (G:\ProgramasU\mkdir\tex/latex/epstopdf-pkg\epstopdf-base.sty
Package: epstopdf-base 2020-01-24 v2.11 Base part for package epstopdf
Package epstopdf-base Info: Redefining graphics rule for `.eps' on input line 485.
 (G:\ProgramasU\mkdir\tex/latex/00miktex\epstopdf-sys.cfg
File: epstopdf-sys.cfg 2021/03/18 v2.0 Configuration of epstopdf for MiKTeX
))
LaTeX Info: Command `\dddot' is already robust on input line 52.
LaTeX Info: Command `\ddddot' is already robust on input line 52.
\c@mv@tabular=\count465
\c@mv@boldtabular=\count466

*geometry* driver: auto-detecting
*geometry* detected driver: pdftex
*geometry* verbose mode - [ preamble ] result:
* driver: pdftex
* paper: a4paper
* layout: <same size as paper>
* layoutoffset:(h,v)=(0.0pt,0.0pt)
* modes: 
* h-part:(L,W,R)=(108.40492pt, 416.83315pt, 72.2698pt)
* v-part:(T,H,B)=(72.2698pt, 700.50723pt, 72.2698pt)
* \paperwidth=597.50787pt
* \paperheight=845.04684pt
* \textwidth=416.83315pt
* \textheight=700.50723pt
* \oddsidemargin=36.13493pt
* \evensidemargin=36.13493pt
* \topmargin=-61.1353pt
* \headheight=36.13512pt
* \headsep=25.0pt
* \topskip=11.0pt
* \footskip=36.13512pt
* \marginparwidth=59.0pt
* \marginparsep=10.0pt
* \columnsep=10.0pt
* \skip\footins=10.0pt plus 4.0pt minus 2.0pt
* \hoffset=0.0pt
* \voffset=0.0pt
* \mag=1000
* \@twocolumnfalse
* \@twosidefalse
* \@mparswitchfalse
* \@reversemarginfalse
* (1in=72.27pt=25.4mm, 1cm=28.453pt)

Package biblatex Info: Trying to load language 'spanish' -> 'spanish-iso'...
Package biblatex Info: ... file 'spanish-iso.lbx' found.
(G:\ProgramasU\mkdir\tex/latex/biblatex-iso690\spanish-iso.lbx
File: spanish-iso.lbx 2022/03/20 v0.4.1 ISO 690 extended biblatex localization
Package biblatex Info: Trying to load language 'spanish'...
Package biblatex Info: ... file 'spanish.lbx' found.
 (G:\ProgramasU\mkdir\tex/latex/biblatex/lbx\spanish.lbx
File: spanish.lbx 2025/07/10 v3.21 biblatex localization (PK/MW)
)
Package biblatex Info: Trying to load language 'spanish'...
Package biblatex Info: ... file 'spanish.lbx' found.
 (G:\ProgramasU\mkdir\tex/latex/biblatex/lbx\spanish.lbx
File: spanish.lbx 2025/07/10 v3.21 biblatex localization (PK/MW)
))
Package biblatex Info: Input encoding 'utf8' detected.
Package biblatex Info: Automatic encoding selection.
(biblatex)             Assuming data encoding 'utf8'.
\openout3 = `main.bcf'.

Package biblatex Info: Trying to load bibliographic data...
Package biblatex Info: ... file 'main.bbl' found.
 (main.bbl)
Package biblatex Info: Reference section=0 on input line 52.
Package biblatex Info: Reference segment=0 on input line 52.
 (portada.tex
<logo.png, id=2, 225.84375pt x 225.84375pt>
File: logo.png Graphic file (type png)
<use logo.png>
Package pdftex.def Info: logo.png  used on input line 3.
(pdftex.def)             Requested size: 166.73071pt x 166.73923pt.
LaTeX Font Info:    Font shape `T1/ntxtlf/m/n' will be
(Font)              scaled to size 14.0pt on input line 5.
LaTeX Font Info:    Font shape `T1/ntxtlf/b/n' will be
(Font)              scaled to size 14.0pt on input line 5.
LaTeX Font Info:    Font shape `T1/ntxtlf/m/n' will be
(Font)              scaled to size 16.0pt on input line 6.
LaTeX Font Info:    Font shape `T1/ntxtlf/b/n' will be
(Font)              scaled to size 16.0pt on input line 6.
LaTeX Font Info:    Font shape `T1/ntxtlf/m/n' will be
(Font)              scaled to size 20.0pt on input line 10.
LaTeX Font Info:    Font shape `T1/ntxtlf/b/n' will be
(Font)              scaled to size 20.0pt on input line 10.
LaTeX Font Info:    Font shape `T1/ntxtlf/b/n' will be
(Font)              scaled to size 10.95pt on input line 12.
LaTeX Font Info:    Font shape `T1/ntxtlf/m/n' will be
(Font)              scaled to size 12.0pt on input line 19.
LaTeX Font Info:    Font shape `T1/ntxtlf/b/n' will be
(Font)              scaled to size 12.0pt on input line 19.
 [1

{C:/Users/MathiusDigital/AppData/Local/MiKTeX/fonts/map/pdftex/pdftex.map}{G:/ProgramasU/mkdir/fonts/enc/dvips/newtx/ntx-ec-tlf.enc} <./logo.png>]) (main.toc
LaTeX Info: Redefining \sptext on input line 1.
LaTeX Info: Redefining \. on input line 1.
LaTeX Info: Redefining \% on input line 1.
LaTeX Font Info:    Font shape `T1/ntxtlf/b/sc' will be
(Font)              scaled to size 10.95pt on input line 2.
LaTeX Font Info:    Trying to load font information for OT1+minntx on input line 4.
 (G:\ProgramasU\mkdir\tex/latex/newtx\ot1minntx.fd
File: ot1minntx.fd 2023/09/09 v1.1 font definition file for OT1/minntx
)
LaTeX Font Info:    Font shape `OT1/minntx/m/n' will be
(Font)              scaled to size 10.95pt on input line 4.
<<ot1.cmap>>
LaTeX Font Info:    Font shape `OT1/minntx/m/n' will be
(Font)              scaled to size 8.0pt on input line 4.
LaTeX Font Info:    Font shape `OT1/minntx/m/n' will be
(Font)              scaled to size 6.1pt on input line 4.
LaTeX Font Info:    Font shape `OML/ntxmi/m/it' will be
(Font)              scaled to size 10.95pt on input line 4.
<<oml.cmap>>
LaTeX Font Info:    Font shape `OML/ntxmi/m/it' will be
(Font)              scaled to size 8.0pt on input line 4.
LaTeX Font Info:    Font shape `OML/ntxmi/m/it' will be
(Font)              scaled to size 6.1pt on input line 4.
LaTeX Font Info:    Font shape `LMS/ntxsy/m/n' will be
(Font)              scaled to size 10.95pt on input line 4.
LaTeX Font Info:    Font shape `LMS/ntxsy/m/n' will be
(Font)              scaled to size 8.0pt on input line 4.
LaTeX Font Info:    Font shape `LMS/ntxsy/m/n' will be
(Font)              scaled to size 6.1pt on input line 4.
LaTeX Font Info:    Font shape `LMX/ntxexx/m/n' will be
(Font)              scaled to size 10.95pt on input line 4.
LaTeX Font Info:    Font shape `LMX/ntxexx/m/n' will be
(Font)              scaled to size 8.0pt on input line 4.
LaTeX Font Info:    Font shape `LMX/ntxexx/m/n' will be
(Font)              scaled to size 6.1pt on input line 4.
LaTeX Font Info:    Trying to load font information for U+ntxmia on input line 4.
 (G:\ProgramasU\mkdir\tex/latex/newtx\untxmia.fd
File: untxmia.fd 2024/04/09 Fontinst v1.933 font definitions for U/ntxmia.
)
LaTeX Font Info:    Font shape `U/ntxmia/m/it' will be
(Font)              scaled to size 10.95pt on input line 4.
LaTeX Font Info:    Font shape `U/ntxmia/m/it' will be
(Font)              scaled to size 8.0pt on input line 4.
LaTeX Font Info:    Font shape `U/ntxmia/m/it' will be
(Font)              scaled to size 6.1pt on input line 4.
LaTeX Font Info:    Trying to load font information for U+ntxsym on input line 4.
 (G:\ProgramasU\mkdir\tex/latex/newtx\untxsym.fd
File: untxsym.fd 2023/08/16 Fontinst v1.933 font definitions for U/ntxsym.
)
LaTeX Font Info:    Font shape `U/ntxsym/m/n' will be
(Font)              scaled to size 10.95pt on input line 4.
LaTeX Font Info:    Font shape `U/ntxsym/m/n' will be
(Font)              scaled to size 8.0pt on input line 4.
LaTeX Font Info:    Font shape `U/ntxsym/m/n' will be
(Font)              scaled to size 6.1pt on input line 4.
LaTeX Font Info:    Trying to load font information for U+ntxsyc on input line 4.
 (G:\ProgramasU\mkdir\tex/latex/newtx\untxsyc.fd
File: untxsyc.fd 2012/04/12 Fontinst v1.933 font definitions for U/ntxsyc.
)
LaTeX Font Info:    Font shape `U/ntxsyc/m/n' will be
(Font)              scaled to size 10.95pt on input line 4.
LaTeX Font Info:    Font shape `U/ntxsyc/m/n' will be
(Font)              scaled to size 8.0pt on input line 4.
LaTeX Font Info:    Font shape `U/ntxsyc/m/n' will be
(Font)              scaled to size 6.1pt on input line 4.
LaTeX Font Info:    Font shape `U/ntxexa/m/n' will be
(Font)              scaled to size 10.95pt on input line 4.
LaTeX Font Info:    Font shape `U/ntxexa/m/n' will be
(Font)              scaled to size 8.0pt on input line 4.
LaTeX Font Info:    Font shape `U/ntxexa/m/n' will be
(Font)              scaled to size 6.1pt on input line 4.
LaTeX Font Info:    Font shape `T1/ntxtlf/m/sc' will be
(Font)              scaled to size 10.95pt on input line 40.
 [1{G:/ProgramasU/mkdir/fonts/enc/dvips/newtx/ntx-ec-tlf-pc.enc}]
LaTeX Info: Redefining \sptext on input line 42.
LaTeX Info: Redefining \. on input line 42.
LaTeX Info: Redefining \% on input line 42.
LaTeX Info: Redefining \sptext on input line 43.
LaTeX Info: Redefining \. on input line 43.
LaTeX Info: Redefining \% on input line 43.
LaTeX Info: Redefining \sptext on input line 44.
LaTeX Info: Redefining \. on input line 44.
LaTeX Info: Redefining \% on input line 44.
LaTeX Info: Redefining \sptext on input line 45.
LaTeX Info: Redefining \. on input line 45.
LaTeX Info: Redefining \% on input line 45.
LaTeX Info: Redefining \sptext on input line 46.
LaTeX Info: Redefining \. on input line 46.
LaTeX Info: Redefining \% on input line 46.
LaTeX Info: Redefining \sptext on input line 47.
LaTeX Info: Redefining \. on input line 47.
LaTeX Info: Redefining \% on input line 47.
LaTeX Info: Redefining \sptext on input line 48.
LaTeX Info: Redefining \. on input line 48.
LaTeX Info: Redefining \% on input line 48.
LaTeX Info: Redefining \sptext on input line 49.
LaTeX Info: Redefining \. on input line 49.
LaTeX Info: Redefining \% on input line 49.
LaTeX Info: Redefining \sptext on input line 50.
LaTeX Info: Redefining \. on input line 50.
LaTeX Info: Redefining \% on input line 50.
LaTeX Info: Redefining \sptext on input line 51.
LaTeX Info: Redefining \. on input line 51.
LaTeX Info: Redefining \% on input line 51.
)
\tf@toc=\write4
\openout4 = `main.toc'.

 [2]
\openout2 = `introduccion.aux'.

 (introduccion.tex) [3

]
\openout2 = `capitulo1.aux'.

 (capitulo1.tex [1



]
LaTeX Font Info:    Font shape `T1/ntxtlf/m/n' will be
(Font)              scaled to size 8.0pt on input line 17.
 [2] [3]) [4]
\openout2 = `capitulo2.aux'.

 (capitulo2.tex [5



] [6]
LaTeX Font Info:    Trying to load font information for TS1+ntxtlf on input line 12.
 (G:\ProgramasU\mkdir\tex/latex/newtx\ts1ntxtlf.fd
File: ts1ntxtlf.fd 2015/01/18 v1.0 fd file for TS1/ntxtlf
)
LaTeX Font Info:    Font shape `TS1/ntxtlf/m/n' will be
(Font)              scaled to size 10.95pt on input line 12.
 [7{G:/ProgramasU/mkdir/fonts/enc/dvips/tex-gyre/q-ts1.enc}] [8] [9] [10]) [11]
\openout2 = `capitulo3.aux'.

 (capitulo3.tex
LaTeX Font Info:    Font shape `T1/ntxtlf/m/it' will be
(Font)              scaled to size 10.95pt on input line 28.
 [12



] [13]) [14]
\openout2 = `capitulo4.aux'.

 (capitulo4.tex) [15



]
\openout2 = `capitulo5.aux'.

 (capitulo5.tex) [16



]
LaTeX Info: Redefining \sptext on input line 79.
LaTeX Info: Redefining \. on input line 79.
LaTeX Info: Redefining \% on input line 79.
LaTeX Info: Redefining \sptext on input line 79.
LaTeX Info: Redefining \. on input line 79.
LaTeX Info: Redefining \% on input line 79.
LaTeX Font Info:    Trying to load font information for T1+ntxtt on input line 79.
 (G:\ProgramasU\mkdir\tex/latex/newtx\t1ntxtt.fd
File: t1ntxtt.fd 2012/04/20 v3.1
)
LaTeX Font Info:    Font shape `T1/ntxtt/m/n' will be
(Font)              scaled to size 10.95pt on input line 79.
LaTeX Info: Redefining \sptext on input line 79.
LaTeX Info: Redefining \. on input line 79.
LaTeX Info: Redefining \% on input line 79.
LaTeX Info: Redefining \sptext on input line 79.
LaTeX Info: Redefining \. on input line 79.
LaTeX Info: Redefining \% on input line 79.
LaTeX Info: Redefining \sptext on input line 79.
LaTeX Info: Redefining \. on input line 79.
LaTeX Info: Redefining \% on input line 79.
LaTeX Info: Redefining \sptext on input line 79.
LaTeX Info: Redefining \. on input line 79.
LaTeX Info: Redefining \% on input line 79.
LaTeX Info: Redefining \sptext on input line 79.
LaTeX Info: Redefining \. on input line 79.
LaTeX Info: Redefining \% on input line 79.
LaTeX Info: Redefining \sptext on input line 79.
LaTeX Info: Redefining \. on input line 79.
LaTeX Info: Redefining \% on input line 79.
LaTeX Info: Redefining \sptext on input line 79.
LaTeX Info: Redefining \. on input line 79.
LaTeX Info: Redefining \% on input line 79.
LaTeX Info: Redefining \sptext on input line 79.
LaTeX Info: Redefining \. on input line 79.
LaTeX Info: Redefining \% on input line 79.
 [17


]
\openout2 = `anexos.aux'.

 (anexos.tex [18

]
Underfull \hbox (badness 10000) in paragraph at lines 30--30

 []


Underfull \hbox (badness 10000) in paragraph at lines 30--30

 []


Underfull \hbox (badness 10000) in paragraph at lines 30--30

 []


Underfull \hbox (badness 10000) in paragraph at lines 30--30

 []


Underfull \hbox (badness 10000) in paragraph at lines 30--30

 []


Underfull \hbox (badness 10000) in paragraph at lines 30--30

 []


Underfull \hbox (badness 10000) in paragraph at lines 30--30

 []


Underfull \hbox (badness 10000) in paragraph at lines 30--30

 []


Underfull \hbox (badness 1048) in paragraph at lines 30--30
\T1/ntxtlf/m/n/8 2. ľCó-mo afec-ta el au-men-to de la
 []


Underfull \hbox (badness 10000) in paragraph at lines 30--30

 []


Underfull \hbox (badness 4144) in paragraph at lines 30--30
\T1/ntxtlf/m/n/8 1. De-ter-mi-nar el error cua-drá-ti-co
 []


Underfull \hbox (badness 10000) in paragraph at lines 30--30

 []


Underfull \hbox (badness 2426) in paragraph at lines 30--30
\T1/ntxtlf/m/n/8 2. Me-dir el im-pac-to del es-ca-la-do
 []


Underfull \hbox (badness 10000) in paragraph at lines 30--30

 []


Underfull \hbox (badness 10000) in paragraph at lines 30--30

 []


Underfull \hbox (badness 1603) in paragraph at lines 30--30
\T1/ntxtlf/m/n/8 2. A ma-yor com-ple-ji-dad del es-ce-
 []

[19

]) (main.aux
LaTeX Info: Redefining \sptext on input line 9.
LaTeX Info: Redefining \. on input line 9.
LaTeX Info: Redefining \% on input line 9.
 (introduccion.aux) (capitulo1.aux) (capitulo2.aux) (capitulo3.aux) (capitulo4.aux) (capitulo5.aux)
LaTeX Info: Redefining \sptext on input line 29.
LaTeX Info: Redefining \. on input line 29.
LaTeX Info: Redefining \% on input line 29.
LaTeX Info: Redefining \sptext on input line 30.
LaTeX Info: Redefining \. on input line 30.
LaTeX Info: Redefining \% on input line 30.
LaTeX Info: Redefining \sptext on input line 31.
LaTeX Info: Redefining \. on input line 31.
LaTeX Info: Redefining \% on input line 31.
LaTeX Info: Redefining \sptext on input line 32.
LaTeX Info: Redefining \. on input line 32.
LaTeX Info: Redefining \% on input line 32.
LaTeX Info: Redefining \sptext on input line 33.
LaTeX Info: Redefining \. on input line 33.
LaTeX Info: Redefining \% on input line 33.
LaTeX Info: Redefining \sptext on input line 34.
LaTeX Info: Redefining \. on input line 34.
LaTeX Info: Redefining \% on input line 34.
LaTeX Info: Redefining \sptext on input line 35.
LaTeX Info: Redefining \. on input line 35.
LaTeX Info: Redefining \% on input line 35.
LaTeX Info: Redefining \sptext on input line 36.
LaTeX Info: Redefining \. on input line 36.
LaTeX Info: Redefining \% on input line 36.
LaTeX Info: Redefining \sptext on input line 37.
LaTeX Info: Redefining \. on input line 37.
LaTeX Info: Redefining \% on input line 37.
LaTeX Info: Redefining \sptext on input line 38.
LaTeX Info: Redefining \. on input line 38.
LaTeX Info: Redefining \% on input line 38.
 (anexos.aux))
 ***********
LaTeX2e <2025-11-01>
L3 programming layer <2020/03/25>
 ***********
Package logreq Info: Writing requests to 'main.run.xml'.
\openout1 = `main.run.xml'.

 ) 
Here is how much of TeX's memory you used:
 18798 strings out of 467871
 322899 string characters out of 5430374
 1177677 words of memory out of 5000000
 47318 multiletter control sequences out of 15000+600000
 695091 words of font info for 100 fonts, out of 8000000 for 9000
 1141 hyphenation exceptions out of 8191
 89i,11n,113p,2567b,3128s stack positions out of 10000i,1000n,20000p,200000b,200000s
<G:/ProgramasU/mkdir/fonts/type1/public/tex-gyre/qtmr.pfb><G:/ProgramasU/mkdir/fonts/type1/public/txfonts/t1xtt.pfb><G:/ProgramasU/mkdir/fonts/type1/public/newtx/ztmb.pfb><G:/ProgramasU/mkdir/fonts/type1/public/newtx/ztmr.pfb><G:/ProgramasU/mkdir/fonts/type1/public/newtx/ztmri.pfb>
Output written on main.pdf (23 pages, 200887 bytes).
PDF statistics:
 109 PDF objects out of 1000 (max. 8388607)
 0 named destinations out of 1000 (max. 500000)
 18 words of extra memory for PDF output out of 10000 (max. 10000000)

